<?xml version="1.0" encoding="UTF-8"?>
<!-- Generated by org.testng.reporters.JUnitReportReporter -->
<testsuite hostname="WINDOWS-5LSCAAR" failures="0" tests="1" name="newmvnpackage.Newmvnclass" time="21.315" errors="0" timestamp="2023-05-10T13:13:24 GMT-04:00" skipped="0">
  <testcase classname="newmvnpackage.Newmvnclass" name="search" time="21.315"/>
  <system-out/>
</testsuite> <!-- newmvnpackage.Newmvnclass -->
