<?xml version="1.0" encoding="UTF-8"?>
<!-- Generated by org.testng.reporters.JUnitReportReporter -->
<testsuite hostname="WINDOWS-5LSCAAR" failures="0" tests="1" name="pompage.POMpageEbaysearchtest" time="29.783" errors="0" timestamp="2023-05-11T16:59:07 GMT-04:00" skipped="0">
  <testcase classname="pompage.POMpageEbaysearchtest" name="f" time="29.783"/>
  <system-out>
    <![CDATA[Ebay product Search test is sucessful....]]>
  </system-out>
</testsuite> <!-- pompage.POMpageEbaysearchtest -->
